[2023-03-02 01:04:05] local.ERROR: Undefined variable $table {"exception":"[object] (ErrorException(code: 0): Undefined variable $table at C:\\Users\\Admin\\Documents\\GitHub\\WAH-COOP\\coop-backend\\database\\migrations\\2023_03_01_071208_lib_journal.php:14)
[stacktrace]
#0 C:\\Users\\Admin\\Documents\\GitHub\\WAH-COOP\\coop-backend\\vendor\\laravel\\framework\\src\\Illuminate\\Foundation\\Bootstrap\\HandleExceptions.php(250): Illuminate\\Foundation\\Bootstrap\\HandleExceptions->handleError(2, 'Undefined varia...', 'C:\\\\Users\\\\Admin\\\\...', 14)
#1 C:\\Users\\Admin\\Documents\\GitHub\\WAH-COOP\\coop-backend\\database\\migrations\\2023_03_01_071208_lib_journal.php(14): Illuminate\\Foundation\\Bootstrap\\HandleExceptions->Illuminate\\Foundation\\Bootstrap\\{closure}(2, 'Undefined varia...', 'C:\\\\Users\\\\Admin\\\\...', 14)
#2 C:\\Users\\Admin\\Documents\\GitHub\\WAH-COOP\\coop-backend\\vendor\\laravel\\framework\\src\\Illuminate\\Database\\Migrations\\Migrator.php(492): Illuminate\\Database\\Migrations\\Migration@anonymous->up()
#3 C:\\Users\\Admin\\Documents\\GitHub\\WAH-COOP\\coop-backend\\vendor\\laravel\\framework\\src\\Illuminate\\Database\\Migrations\\Migrator.php(410): Illuminate\\Database\\Migrations\\Migrator->runMethod(Object(Illuminate\\Database\\MySqlConnection), Object(Illuminate\\Database\\Migrations\\Migration@anonymous), 'up')
#4 C:\\Users\\Admin\\Documents\\GitHub\\WAH-COOP\\coop-backend\\vendor\\laravel\\framework\\src\\Illuminate\\Database\\Migrations\\Migrator.php(419): Illuminate\\Database\\Migrations\\Migrator->Illuminate\\Database\\Migrations\\{closure}()
#5 C:\\Users\\Admin\\Documents\\GitHub\\WAH-COOP\\coop-backend\\vendor\\laravel\\framework\\src\\Illuminate\\Database\\Migrations\\Migrator.php(216): Illuminate\\Database\\Migrations\\Migrator->runMigration(Object(Illuminate\\Database\\Migrations\\Migration@anonymous), 'up')
#6 C:\\Users\\Admin\\Documents\\GitHub\\WAH-COOP\\coop-backend\\vendor\\laravel\\framework\\src\\Illuminate\\Console\\View\\Components\\Task.php(36): Illuminate\\Database\\Migrations\\Migrator->Illuminate\\Database\\Migrations\\{closure}()
#7 C:\\Users\\Admin\\Documents\\GitHub\\WAH-COOP\\coop-backend\\vendor\\laravel\\framework\\src\\Illuminate\\Database\\Migrations\\Migrator.php(755): Illuminate\\Console\\View\\Components\\Task->render('2023_03_01_0712...', Object(Closure))
#8 C:\\Users\\Admin\\Documents\\GitHub\\WAH-COOP\\coop-backend\\vendor\\laravel\\framework\\src\\Illuminate\\Database\\Migrations\\Migrator.php(216): Illuminate\\Database\\Migrations\\Migrator->write('Illuminate\\\\Cons...', '2023_03_01_0712...', Object(Closure))
#9 C:\\Users\\Admin\\Documents\\GitHub\\WAH-COOP\\coop-backend\\vendor\\laravel\\framework\\src\\Illuminate\\Database\\Migrations\\Migrator.php(181): Illuminate\\Database\\Migrations\\Migrator->runUp('C:\\\\Users\\\\Admin\\\\...', 1, false)
#10 C:\\Users\\Admin\\Documents\\GitHub\\WAH-COOP\\coop-backend\\vendor\\laravel\\framework\\src\\Illuminate\\Database\\Migrations\\Migrator.php(124): Illuminate\\Database\\Migrations\\Migrator->runPending(Array, Array)
#11 C:\\Users\\Admin\\Documents\\GitHub\\WAH-COOP\\coop-backend\\vendor\\laravel\\framework\\src\\Illuminate\\Database\\Console\\Migrations\\MigrateCommand.php(88): Illuminate\\Database\\Migrations\\Migrator->run(Array, Array)
#12 C:\\Users\\Admin\\Documents\\GitHub\\WAH-COOP\\coop-backend\\vendor\\laravel\\framework\\src\\Illuminate\\Database\\Migrations\\Migrator.php(632): Illuminate\\Database\\Console\\Migrations\\MigrateCommand->Illuminate\\Database\\Console\\Migrations\\{closure}()
#13 C:\\Users\\Admin\\Documents\\GitHub\\WAH-COOP\\coop-backend\\vendor\\laravel\\framework\\src\\Illuminate\\Database\\Console\\Migrations\\MigrateCommand.php(81): Illuminate\\Database\\Migrations\\Migrator->usingConnection(NULL, Object(Closure))
#14 C:\\Users\\Admin\\Documents\\GitHub\\WAH-COOP\\coop-backend\\vendor\\laravel\\framework\\src\\Illuminate\\Container\\BoundMethod.php(36): Illuminate\\Database\\Console\\Migrations\\MigrateCommand->handle()
#15 C:\\Users\\Admin\\Documents\\GitHub\\WAH-COOP\\coop-backend\\vendor\\laravel\\framework\\src\\Illuminate\\Container\\Util.php(41): Illuminate\\Container\\BoundMethod::Illuminate\\Container\\{closure}()
#16 C:\\Users\\Admin\\Documents\\GitHub\\WAH-COOP\\coop-backend\\vendor\\laravel\\framework\\src\\Illuminate\\Container\\BoundMethod.php(93): Illuminate\\Container\\Util::unwrapIfClosure(Object(Closure))
#17 C:\\Users\\Admin\\Documents\\GitHub\\WAH-COOP\\coop-backend\\vendor\\laravel\\framework\\src\\Illuminate\\Container\\BoundMethod.php(35): Illuminate\\Container\\BoundMethod::callBoundMethod(Object(Illuminate\\Foundation\\Application), Array, Object(Closure))
#18 C:\\Users\\Admin\\Documents\\GitHub\\WAH-COOP\\coop-backend\\vendor\\laravel\\framework\\src\\Illuminate\\Container\\Container.php(661): Illuminate\\Container\\BoundMethod::call(Object(Illuminate\\Foundation\\Application), Array, Array, NULL)
#19 C:\\Users\\Admin\\Documents\\GitHub\\WAH-COOP\\coop-backend\\vendor\\laravel\\framework\\src\\Illuminate\\Console\\Command.php(194): Illuminate\\Container\\Container->call(Array)
#20 C:\\Users\\Admin\\Documents\\GitHub\\WAH-COOP\\coop-backend\\vendor\\symfony\\console\\Command\\Command.php(312): Illuminate\\Console\\Command->execute(Object(Symfony\\Component\\Console\\Input\\ArgvInput), Object(Illuminate\\Console\\OutputStyle))
#21 C:\\Users\\Admin\\Documents\\GitHub\\WAH-COOP\\coop-backend\\vendor\\laravel\\framework\\src\\Illuminate\\Console\\Command.php(163): Symfony\\Component\\Console\\Command\\Command->run(Object(Symfony\\Component\\Console\\Input\\ArgvInput), Object(Illuminate\\Console\\OutputStyle))
#22 C:\\Users\\Admin\\Documents\\GitHub\\WAH-COOP\\coop-backend\\vendor\\symfony\\console\\Application.php(1022): Illuminate\\Console\\Command->run(Object(Symfony\\Component\\Console\\Input\\ArgvInput), Object(Symfony\\Component\\Console\\Output\\ConsoleOutput))
#23 C:\\Users\\Admin\\Documents\\GitHub\\WAH-COOP\\coop-backend\\vendor\\symfony\\console\\Application.php(314): Symfony\\Component\\Console\\Application->doRunCommand(Object(Illuminate\\Database\\Console\\Migrations\\MigrateCommand), Object(Symfony\\Component\\Console\\Input\\ArgvInput), Object(Symfony\\Component\\Console\\Output\\ConsoleOutput))
#24 C:\\Users\\Admin\\Documents\\GitHub\\WAH-COOP\\coop-backend\\vendor\\symfony\\console\\Application.php(168): Symfony\\Component\\Console\\Application->doRun(Object(Symfony\\Component\\Console\\Input\\ArgvInput), Object(Symfony\\Component\\Console\\Output\\ConsoleOutput))
#25 C:\\Users\\Admin\\Documents\\GitHub\\WAH-COOP\\coop-backend\\vendor\\laravel\\framework\\src\\Illuminate\\Console\\Application.php(102): Symfony\\Component\\Console\\Application->run(Object(Symfony\\Component\\Console\\Input\\ArgvInput), Object(Symfony\\Component\\Console\\Output\\ConsoleOutput))
#26 C:\\Users\\Admin\\Documents\\GitHub\\WAH-COOP\\coop-backend\\vendor\\laravel\\framework\\src\\Illuminate\\Foundation\\Console\\Kernel.php(155): Illuminate\\Console\\Application->run(Object(Symfony\\Component\\Console\\Input\\ArgvInput), Object(Symfony\\Component\\Console\\Output\\ConsoleOutput))
#27 C:\\Users\\Admin\\Documents\\GitHub\\WAH-COOP\\coop-backend\\artisan(35): Illuminate\\Foundation\\Console\\Kernel->handle(Object(Symfony\\Component\\Console\\Input\\ArgvInput), Object(Symfony\\Component\\Console\\Output\\ConsoleOutput))
#28 {main}
"} 
[2023-03-02 01:05:39] local.ERROR: Command "migrate\" is not defined.

Did you mean one of these?
    migrate
    migrate:fresh
    migrate:install
    migrate:refresh
    migrate:reset
    migrate:rollback
    migrate:status {"exception":"[object] (Symfony\\Component\\Console\\Exception\\CommandNotFoundException(code: 0): Command \"migrate\\\" is not defined.

Did you mean one of these?
    migrate
    migrate:fresh
    migrate:install
    migrate:refresh
    migrate:reset
    migrate:rollback
    migrate:status at C:\\Users\\Admin\\Documents\\GitHub\\WAH-COOP\\coop-backend\\vendor\\symfony\\console\\Application.php:702)
[stacktrace]
#0 C:\\Users\\Admin\\Documents\\GitHub\\WAH-COOP\\coop-backend\\vendor\\symfony\\console\\Application.php(256): Symfony\\Component\\Console\\Application->find('migrate\\\\')
#1 C:\\Users\\Admin\\Documents\\GitHub\\WAH-COOP\\coop-backend\\vendor\\symfony\\console\\Application.php(168): Symfony\\Component\\Console\\Application->doRun(Object(Symfony\\Component\\Console\\Input\\ArgvInput), Object(Symfony\\Component\\Console\\Output\\ConsoleOutput))
#2 C:\\Users\\Admin\\Documents\\GitHub\\WAH-COOP\\coop-backend\\vendor\\laravel\\framework\\src\\Illuminate\\Console\\Application.php(102): Symfony\\Component\\Console\\Application->run(Object(Symfony\\Component\\Console\\Input\\ArgvInput), Object(Symfony\\Component\\Console\\Output\\ConsoleOutput))
#3 C:\\Users\\Admin\\Documents\\GitHub\\WAH-COOP\\coop-backend\\vendor\\laravel\\framework\\src\\Illuminate\\Foundation\\Console\\Kernel.php(155): Illuminate\\Console\\Application->run(Object(Symfony\\Component\\Console\\Input\\ArgvInput), Object(Symfony\\Component\\Console\\Output\\ConsoleOutput))
#4 C:\\Users\\Admin\\Documents\\GitHub\\WAH-COOP\\coop-backend\\artisan(35): Illuminate\\Foundation\\Console\\Kernel->handle(Object(Symfony\\Component\\Console\\Input\\ArgvInput), Object(Symfony\\Component\\Console\\Output\\ConsoleOutput))
#5 {main}
"} 
[2023-03-02 01:05:43] local.ERROR: Undefined variable $table {"exception":"[object] (ErrorException(code: 0): Undefined variable $table at C:\\Users\\Admin\\Documents\\GitHub\\WAH-COOP\\coop-backend\\database\\migrations\\2023_03_01_071208_lib_journal.php:14)
[stacktrace]
#0 C:\\Users\\Admin\\Documents\\GitHub\\WAH-COOP\\coop-backend\\vendor\\laravel\\framework\\src\\Illuminate\\Foundation\\Bootstrap\\HandleExceptions.php(250): Illuminate\\Foundation\\Bootstrap\\HandleExceptions->handleError(2, 'Undefined varia...', 'C:\\\\Users\\\\Admin\\\\...', 14)
#1 C:\\Users\\Admin\\Documents\\GitHub\\WAH-COOP\\coop-backend\\database\\migrations\\2023_03_01_071208_lib_journal.php(14): Illuminate\\Foundation\\Bootstrap\\HandleExceptions->Illuminate\\Foundation\\Bootstrap\\{closure}(2, 'Undefined varia...', 'C:\\\\Users\\\\Admin\\\\...', 14)
#2 C:\\Users\\Admin\\Documents\\GitHub\\WAH-COOP\\coop-backend\\vendor\\laravel\\framework\\src\\Illuminate\\Database\\Migrations\\Migrator.php(492): Illuminate\\Database\\Migrations\\Migration@anonymous->up()
#3 C:\\Users\\Admin\\Documents\\GitHub\\WAH-COOP\\coop-backend\\vendor\\laravel\\framework\\src\\Illuminate\\Database\\Migrations\\Migrator.php(410): Illuminate\\Database\\Migrations\\Migrator->runMethod(Object(Illuminate\\Database\\MySqlConnection), Object(Illuminate\\Database\\Migrations\\Migration@anonymous), 'up')
#4 C:\\Users\\Admin\\Documents\\GitHub\\WAH-COOP\\coop-backend\\vendor\\laravel\\framework\\src\\Illuminate\\Database\\Migrations\\Migrator.php(419): Illuminate\\Database\\Migrations\\Migrator->Illuminate\\Database\\Migrations\\{closure}()
#5 C:\\Users\\Admin\\Documents\\GitHub\\WAH-COOP\\coop-backend\\vendor\\laravel\\framework\\src\\Illuminate\\Database\\Migrations\\Migrator.php(216): Illuminate\\Database\\Migrations\\Migrator->runMigration(Object(Illuminate\\Database\\Migrations\\Migration@anonymous), 'up')
#6 C:\\Users\\Admin\\Documents\\GitHub\\WAH-COOP\\coop-backend\\vendor\\laravel\\framework\\src\\Illuminate\\Console\\View\\Components\\Task.php(36): Illuminate\\Database\\Migrations\\Migrator->Illuminate\\Database\\Migrations\\{closure}()
#7 C:\\Users\\Admin\\Documents\\GitHub\\WAH-COOP\\coop-backend\\vendor\\laravel\\framework\\src\\Illuminate\\Database\\Migrations\\Migrator.php(755): Illuminate\\Console\\View\\Components\\Task->render('2023_03_01_0712...', Object(Closure))
#8 C:\\Users\\Admin\\Documents\\GitHub\\WAH-COOP\\coop-backend\\vendor\\laravel\\framework\\src\\Illuminate\\Database\\Migrations\\Migrator.php(216): Illuminate\\Database\\Migrations\\Migrator->write('Illuminate\\\\Cons...', '2023_03_01_0712...', Object(Closure))
#9 C:\\Users\\Admin\\Documents\\GitHub\\WAH-COOP\\coop-backend\\vendor\\laravel\\framework\\src\\Illuminate\\Database\\Migrations\\Migrator.php(181): Illuminate\\Database\\Migrations\\Migrator->runUp('C:\\\\Users\\\\Admin\\\\...', 1, false)
#10 C:\\Users\\Admin\\Documents\\GitHub\\WAH-COOP\\coop-backend\\vendor\\laravel\\framework\\src\\Illuminate\\Database\\Migrations\\Migrator.php(124): Illuminate\\Database\\Migrations\\Migrator->runPending(Array, Array)
#11 C:\\Users\\Admin\\Documents\\GitHub\\WAH-COOP\\coop-backend\\vendor\\laravel\\framework\\src\\Illuminate\\Database\\Console\\Migrations\\MigrateCommand.php(88): Illuminate\\Database\\Migrations\\Migrator->run(Array, Array)
#12 C:\\Users\\Admin\\Documents\\GitHub\\WAH-COOP\\coop-backend\\vendor\\laravel\\framework\\src\\Illuminate\\Database\\Migrations\\Migrator.php(632): Illuminate\\Database\\Console\\Migrations\\MigrateCommand->Illuminate\\Database\\Console\\Migrations\\{closure}()
#13 C:\\Users\\Admin\\Documents\\GitHub\\WAH-COOP\\coop-backend\\vendor\\laravel\\framework\\src\\Illuminate\\Database\\Console\\Migrations\\MigrateCommand.php(81): Illuminate\\Database\\Migrations\\Migrator->usingConnection(NULL, Object(Closure))
#14 C:\\Users\\Admin\\Documents\\GitHub\\WAH-COOP\\coop-backend\\vendor\\laravel\\framework\\src\\Illuminate\\Container\\BoundMethod.php(36): Illuminate\\Database\\Console\\Migrations\\MigrateCommand->handle()
#15 C:\\Users\\Admin\\Documents\\GitHub\\WAH-COOP\\coop-backend\\vendor\\laravel\\framework\\src\\Illuminate\\Container\\Util.php(41): Illuminate\\Container\\BoundMethod::Illuminate\\Container\\{closure}()
#16 C:\\Users\\Admin\\Documents\\GitHub\\WAH-COOP\\coop-backend\\vendor\\laravel\\framework\\src\\Illuminate\\Container\\BoundMethod.php(93): Illuminate\\Container\\Util::unwrapIfClosure(Object(Closure))
#17 C:\\Users\\Admin\\Documents\\GitHub\\WAH-COOP\\coop-backend\\vendor\\laravel\\framework\\src\\Illuminate\\Container\\BoundMethod.php(35): Illuminate\\Container\\BoundMethod::callBoundMethod(Object(Illuminate\\Foundation\\Application), Array, Object(Closure))
#18 C:\\Users\\Admin\\Documents\\GitHub\\WAH-COOP\\coop-backend\\vendor\\laravel\\framework\\src\\Illuminate\\Container\\Container.php(661): Illuminate\\Container\\BoundMethod::call(Object(Illuminate\\Foundation\\Application), Array, Array, NULL)
#19 C:\\Users\\Admin\\Documents\\GitHub\\WAH-COOP\\coop-backend\\vendor\\laravel\\framework\\src\\Illuminate\\Console\\Command.php(194): Illuminate\\Container\\Container->call(Array)
#20 C:\\Users\\Admin\\Documents\\GitHub\\WAH-COOP\\coop-backend\\vendor\\symfony\\console\\Command\\Command.php(312): Illuminate\\Console\\Command->execute(Object(Symfony\\Component\\Console\\Input\\ArgvInput), Object(Illuminate\\Console\\OutputStyle))
#21 C:\\Users\\Admin\\Documents\\GitHub\\WAH-COOP\\coop-backend\\vendor\\laravel\\framework\\src\\Illuminate\\Console\\Command.php(163): Symfony\\Component\\Console\\Command\\Command->run(Object(Symfony\\Component\\Console\\Input\\ArgvInput), Object(Illuminate\\Console\\OutputStyle))
#22 C:\\Users\\Admin\\Documents\\GitHub\\WAH-COOP\\coop-backend\\vendor\\symfony\\console\\Application.php(1022): Illuminate\\Console\\Command->run(Object(Symfony\\Component\\Console\\Input\\ArgvInput), Object(Symfony\\Component\\Console\\Output\\ConsoleOutput))
#23 C:\\Users\\Admin\\Documents\\GitHub\\WAH-COOP\\coop-backend\\vendor\\symfony\\console\\Application.php(314): Symfony\\Component\\Console\\Application->doRunCommand(Object(Illuminate\\Database\\Console\\Migrations\\MigrateCommand), Object(Symfony\\Component\\Console\\Input\\ArgvInput), Object(Symfony\\Component\\Console\\Output\\ConsoleOutput))
#24 C:\\Users\\Admin\\Documents\\GitHub\\WAH-COOP\\coop-backend\\vendor\\symfony\\console\\Application.php(168): Symfony\\Component\\Console\\Application->doRun(Object(Symfony\\Component\\Console\\Input\\ArgvInput), Object(Symfony\\Component\\Console\\Output\\ConsoleOutput))
#25 C:\\Users\\Admin\\Documents\\GitHub\\WAH-COOP\\coop-backend\\vendor\\laravel\\framework\\src\\Illuminate\\Console\\Application.php(102): Symfony\\Component\\Console\\Application->run(Object(Symfony\\Component\\Console\\Input\\ArgvInput), Object(Symfony\\Component\\Console\\Output\\ConsoleOutput))
#26 C:\\Users\\Admin\\Documents\\GitHub\\WAH-COOP\\coop-backend\\vendor\\laravel\\framework\\src\\Illuminate\\Foundation\\Console\\Kernel.php(155): Illuminate\\Console\\Application->run(Object(Symfony\\Component\\Console\\Input\\ArgvInput), Object(Symfony\\Component\\Console\\Output\\ConsoleOutput))
#27 C:\\Users\\Admin\\Documents\\GitHub\\WAH-COOP\\coop-backend\\artisan(35): Illuminate\\Foundation\\Console\\Kernel->handle(Object(Symfony\\Component\\Console\\Input\\ArgvInput), Object(Symfony\\Component\\Console\\Output\\ConsoleOutput))
#28 {main}
"} 
[2023-03-02 01:05:56] local.ERROR: SQLSTATE[42S01]: Base table or view already exists: 1050 Table 'lib_milestones' already exists (Connection: mysql, SQL: create table `lib_milestones` (`id` bigint unsigned not null auto_increment primary key, `role` varchar(255) not null) default character set utf8mb4 collate 'utf8mb4_unicode_ci') {"exception":"[object] (Illuminate\\Database\\QueryException(code: 42S01): SQLSTATE[42S01]: Base table or view already exists: 1050 Table 'lib_milestones' already exists (Connection: mysql, SQL: create table `lib_milestones` (`id` bigint unsigned not null auto_increment primary key, `role` varchar(255) not null) default character set utf8mb4 collate 'utf8mb4_unicode_ci') at C:\\Users\\Admin\\Documents\\GitHub\\WAH-COOP\\coop-backend\\vendor\\laravel\\framework\\src\\Illuminate\\Database\\Connection.php:760)
[stacktrace]
#0 C:\\Users\\Admin\\Documents\\GitHub\\WAH-COOP\\coop-backend\\vendor\\laravel\\framework\\src\\Illuminate\\Database\\Connection.php(720): Illuminate\\Database\\Connection->runQueryCallback('create table `l...', Array, Object(Closure))
#1 C:\\Users\\Admin\\Documents\\GitHub\\WAH-COOP\\coop-backend\\vendor\\laravel\\framework\\src\\Illuminate\\Database\\Connection.php(534): Illuminate\\Database\\Connection->run('create table `l...', Array, Object(Closure))
#2 C:\\Users\\Admin\\Documents\\GitHub\\WAH-COOP\\coop-backend\\vendor\\laravel\\framework\\src\\Illuminate\\Database\\Schema\\Blueprint.php(109): Illuminate\\Database\\Connection->statement('create table `l...')
#3 C:\\Users\\Admin\\Documents\\GitHub\\WAH-COOP\\coop-backend\\vendor\\laravel\\framework\\src\\Illuminate\\Database\\Schema\\Builder.php(439): Illuminate\\Database\\Schema\\Blueprint->build(Object(Illuminate\\Database\\MySqlConnection), Object(Illuminate\\Database\\Schema\\Grammars\\MySqlGrammar))
#4 C:\\Users\\Admin\\Documents\\GitHub\\WAH-COOP\\coop-backend\\vendor\\laravel\\framework\\src\\Illuminate\\Database\\Schema\\Builder.php(281): Illuminate\\Database\\Schema\\Builder->build(Object(Illuminate\\Database\\Schema\\Blueprint))
#5 C:\\Users\\Admin\\Documents\\GitHub\\WAH-COOP\\coop-backend\\vendor\\laravel\\framework\\src\\Illuminate\\Support\\Facades\\Facade.php(353): Illuminate\\Database\\Schema\\Builder->create('lib_milestones', Object(Closure))
#6 C:\\Users\\Admin\\Documents\\GitHub\\WAH-COOP\\coop-backend\\database\\migrations\\2023_03_01_071904_lib_user_type.php(14): Illuminate\\Support\\Facades\\Facade::__callStatic('create', Array)
#7 C:\\Users\\Admin\\Documents\\GitHub\\WAH-COOP\\coop-backend\\vendor\\laravel\\framework\\src\\Illuminate\\Database\\Migrations\\Migrator.php(492): Illuminate\\Database\\Migrations\\Migration@anonymous->up()
#8 C:\\Users\\Admin\\Documents\\GitHub\\WAH-COOP\\coop-backend\\vendor\\laravel\\framework\\src\\Illuminate\\Database\\Migrations\\Migrator.php(410): Illuminate\\Database\\Migrations\\Migrator->runMethod(Object(Illuminate\\Database\\MySqlConnection), Object(Illuminate\\Database\\Migrations\\Migration@anonymous), 'up')
#9 C:\\Users\\Admin\\Documents\\GitHub\\WAH-COOP\\coop-backend\\vendor\\laravel\\framework\\src\\Illuminate\\Database\\Migrations\\Migrator.php(419): Illuminate\\Database\\Migrations\\Migrator->Illuminate\\Database\\Migrations\\{closure}()
#10 C:\\Users\\Admin\\Documents\\GitHub\\WAH-COOP\\coop-backend\\vendor\\laravel\\framework\\src\\Illuminate\\Database\\Migrations\\Migrator.php(216): Illuminate\\Database\\Migrations\\Migrator->runMigration(Object(Illuminate\\Database\\Migrations\\Migration@anonymous), 'up')
#11 C:\\Users\\Admin\\Documents\\GitHub\\WAH-COOP\\coop-backend\\vendor\\laravel\\framework\\src\\Illuminate\\Console\\View\\Components\\Task.php(36): Illuminate\\Database\\Migrations\\Migrator->Illuminate\\Database\\Migrations\\{closure}()
#12 C:\\Users\\Admin\\Documents\\GitHub\\WAH-COOP\\coop-backend\\vendor\\laravel\\framework\\src\\Illuminate\\Database\\Migrations\\Migrator.php(755): Illuminate\\Console\\View\\Components\\Task->render('2023_03_01_0719...', Object(Closure))
#13 C:\\Users\\Admin\\Documents\\GitHub\\WAH-COOP\\coop-backend\\vendor\\laravel\\framework\\src\\Illuminate\\Database\\Migrations\\Migrator.php(216): Illuminate\\Database\\Migrations\\Migrator->write('Illuminate\\\\Cons...', '2023_03_01_0719...', Object(Closure))
#14 C:\\Users\\Admin\\Documents\\GitHub\\WAH-COOP\\coop-backend\\vendor\\laravel\\framework\\src\\Illuminate\\Database\\Migrations\\Migrator.php(181): Illuminate\\Database\\Migrations\\Migrator->runUp('C:\\\\Users\\\\Admin\\\\...', 2, false)
#15 C:\\Users\\Admin\\Documents\\GitHub\\WAH-COOP\\coop-backend\\vendor\\laravel\\framework\\src\\Illuminate\\Database\\Migrations\\Migrator.php(124): Illuminate\\Database\\Migrations\\Migrator->runPending(Array, Array)
#16 C:\\Users\\Admin\\Documents\\GitHub\\WAH-COOP\\coop-backend\\vendor\\laravel\\framework\\src\\Illuminate\\Database\\Console\\Migrations\\MigrateCommand.php(88): Illuminate\\Database\\Migrations\\Migrator->run(Array, Array)
#17 C:\\Users\\Admin\\Documents\\GitHub\\WAH-COOP\\coop-backend\\vendor\\laravel\\framework\\src\\Illuminate\\Database\\Migrations\\Migrator.php(632): Illuminate\\Database\\Console\\Migrations\\MigrateCommand->Illuminate\\Database\\Console\\Migrations\\{closure}()
#18 C:\\Users\\Admin\\Documents\\GitHub\\WAH-COOP\\coop-backend\\vendor\\laravel\\framework\\src\\Illuminate\\Database\\Console\\Migrations\\MigrateCommand.php(81): Illuminate\\Database\\Migrations\\Migrator->usingConnection(NULL, Object(Closure))
#19 C:\\Users\\Admin\\Documents\\GitHub\\WAH-COOP\\coop-backend\\vendor\\laravel\\framework\\src\\Illuminate\\Container\\BoundMethod.php(36): Illuminate\\Database\\Console\\Migrations\\MigrateCommand->handle()
#20 C:\\Users\\Admin\\Documents\\GitHub\\WAH-COOP\\coop-backend\\vendor\\laravel\\framework\\src\\Illuminate\\Container\\Util.php(41): Illuminate\\Container\\BoundMethod::Illuminate\\Container\\{closure}()
#21 C:\\Users\\Admin\\Documents\\GitHub\\WAH-COOP\\coop-backend\\vendor\\laravel\\framework\\src\\Illuminate\\Container\\BoundMethod.php(93): Illuminate\\Container\\Util::unwrapIfClosure(Object(Closure))
#22 C:\\Users\\Admin\\Documents\\GitHub\\WAH-COOP\\coop-backend\\vendor\\laravel\\framework\\src\\Illuminate\\Container\\BoundMethod.php(35): Illuminate\\Container\\BoundMethod::callBoundMethod(Object(Illuminate\\Foundation\\Application), Array, Object(Closure))
#23 C:\\Users\\Admin\\Documents\\GitHub\\WAH-COOP\\coop-backend\\vendor\\laravel\\framework\\src\\Illuminate\\Container\\Container.php(661): Illuminate\\Container\\BoundMethod::call(Object(Illuminate\\Foundation\\Application), Array, Array, NULL)
#24 C:\\Users\\Admin\\Documents\\GitHub\\WAH-COOP\\coop-backend\\vendor\\laravel\\framework\\src\\Illuminate\\Console\\Command.php(194): Illuminate\\Container\\Container->call(Array)
#25 C:\\Users\\Admin\\Documents\\GitHub\\WAH-COOP\\coop-backend\\vendor\\symfony\\console\\Command\\Command.php(312): Illuminate\\Console\\Command->execute(Object(Symfony\\Component\\Console\\Input\\ArgvInput), Object(Illuminate\\Console\\OutputStyle))
#26 C:\\Users\\Admin\\Documents\\GitHub\\WAH-COOP\\coop-backend\\vendor\\laravel\\framework\\src\\Illuminate\\Console\\Command.php(163): Symfony\\Component\\Console\\Command\\Command->run(Object(Symfony\\Component\\Console\\Input\\ArgvInput), Object(Illuminate\\Console\\OutputStyle))
#27 C:\\Users\\Admin\\Documents\\GitHub\\WAH-COOP\\coop-backend\\vendor\\symfony\\console\\Application.php(1022): Illuminate\\Console\\Command->run(Object(Symfony\\Component\\Console\\Input\\ArgvInput), Object(Symfony\\Component\\Console\\Output\\ConsoleOutput))
#28 C:\\Users\\Admin\\Documents\\GitHub\\WAH-COOP\\coop-backend\\vendor\\symfony\\console\\Application.php(314): Symfony\\Component\\Console\\Application->doRunCommand(Object(Illuminate\\Database\\Console\\Migrations\\MigrateCommand), Object(Symfony\\Component\\Console\\Input\\ArgvInput), Object(Symfony\\Component\\Console\\Output\\ConsoleOutput))
#29 C:\\Users\\Admin\\Documents\\GitHub\\WAH-COOP\\coop-backend\\vendor\\symfony\\console\\Application.php(168): Symfony\\Component\\Console\\Application->doRun(Object(Symfony\\Component\\Console\\Input\\ArgvInput), Object(Symfony\\Component\\Console\\Output\\ConsoleOutput))
#30 C:\\Users\\Admin\\Documents\\GitHub\\WAH-COOP\\coop-backend\\vendor\\laravel\\framework\\src\\Illuminate\\Console\\Application.php(102): Symfony\\Component\\Console\\Application->run(Object(Symfony\\Component\\Console\\Input\\ArgvInput), Object(Symfony\\Component\\Console\\Output\\ConsoleOutput))
#31 C:\\Users\\Admin\\Documents\\GitHub\\WAH-COOP\\coop-backend\\vendor\\laravel\\framework\\src\\Illuminate\\Foundation\\Console\\Kernel.php(155): Illuminate\\Console\\Application->run(Object(Symfony\\Component\\Console\\Input\\ArgvInput), Object(Symfony\\Component\\Console\\Output\\ConsoleOutput))
#32 C:\\Users\\Admin\\Documents\\GitHub\\WAH-COOP\\coop-backend\\artisan(35): Illuminate\\Foundation\\Console\\Kernel->handle(Object(Symfony\\Component\\Console\\Input\\ArgvInput), Object(Symfony\\Component\\Console\\Output\\ConsoleOutput))
#33 {main}

[previous exception] [object] (PDOException(code: 42S01): SQLSTATE[42S01]: Base table or view already exists: 1050 Table 'lib_milestones' already exists at C:\\Users\\Admin\\Documents\\GitHub\\WAH-COOP\\coop-backend\\vendor\\laravel\\framework\\src\\Illuminate\\Database\\Connection.php:545)
[stacktrace]
#0 C:\\Users\\Admin\\Documents\\GitHub\\WAH-COOP\\coop-backend\\vendor\\laravel\\framework\\src\\Illuminate\\Database\\Connection.php(545): PDOStatement->execute()
#1 C:\\Users\\Admin\\Documents\\GitHub\\WAH-COOP\\coop-backend\\vendor\\laravel\\framework\\src\\Illuminate\\Database\\Connection.php(753): Illuminate\\Database\\Connection->Illuminate\\Database\\{closure}('create table `l...', Array)
#2 C:\\Users\\Admin\\Documents\\GitHub\\WAH-COOP\\coop-backend\\vendor\\laravel\\framework\\src\\Illuminate\\Database\\Connection.php(720): Illuminate\\Database\\Connection->runQueryCallback('create table `l...', Array, Object(Closure))
#3 C:\\Users\\Admin\\Documents\\GitHub\\WAH-COOP\\coop-backend\\vendor\\laravel\\framework\\src\\Illuminate\\Database\\Connection.php(534): Illuminate\\Database\\Connection->run('create table `l...', Array, Object(Closure))
#4 C:\\Users\\Admin\\Documents\\GitHub\\WAH-COOP\\coop-backend\\vendor\\laravel\\framework\\src\\Illuminate\\Database\\Schema\\Blueprint.php(109): Illuminate\\Database\\Connection->statement('create table `l...')
#5 C:\\Users\\Admin\\Documents\\GitHub\\WAH-COOP\\coop-backend\\vendor\\laravel\\framework\\src\\Illuminate\\Database\\Schema\\Builder.php(439): Illuminate\\Database\\Schema\\Blueprint->build(Object(Illuminate\\Database\\MySqlConnection), Object(Illuminate\\Database\\Schema\\Grammars\\MySqlGrammar))
#6 C:\\Users\\Admin\\Documents\\GitHub\\WAH-COOP\\coop-backend\\vendor\\laravel\\framework\\src\\Illuminate\\Database\\Schema\\Builder.php(281): Illuminate\\Database\\Schema\\Builder->build(Object(Illuminate\\Database\\Schema\\Blueprint))
#7 C:\\Users\\Admin\\Documents\\GitHub\\WAH-COOP\\coop-backend\\vendor\\laravel\\framework\\src\\Illuminate\\Support\\Facades\\Facade.php(353): Illuminate\\Database\\Schema\\Builder->create('lib_milestones', Object(Closure))
#8 C:\\Users\\Admin\\Documents\\GitHub\\WAH-COOP\\coop-backend\\database\\migrations\\2023_03_01_071904_lib_user_type.php(14): Illuminate\\Support\\Facades\\Facade::__callStatic('create', Array)
#9 C:\\Users\\Admin\\Documents\\GitHub\\WAH-COOP\\coop-backend\\vendor\\laravel\\framework\\src\\Illuminate\\Database\\Migrations\\Migrator.php(492): Illuminate\\Database\\Migrations\\Migration@anonymous->up()
#10 C:\\Users\\Admin\\Documents\\GitHub\\WAH-COOP\\coop-backend\\vendor\\laravel\\framework\\src\\Illuminate\\Database\\Migrations\\Migrator.php(410): Illuminate\\Database\\Migrations\\Migrator->runMethod(Object(Illuminate\\Database\\MySqlConnection), Object(Illuminate\\Database\\Migrations\\Migration@anonymous), 'up')
#11 C:\\Users\\Admin\\Documents\\GitHub\\WAH-COOP\\coop-backend\\vendor\\laravel\\framework\\src\\Illuminate\\Database\\Migrations\\Migrator.php(419): Illuminate\\Database\\Migrations\\Migrator->Illuminate\\Database\\Migrations\\{closure}()
#12 C:\\Users\\Admin\\Documents\\GitHub\\WAH-COOP\\coop-backend\\vendor\\laravel\\framework\\src\\Illuminate\\Database\\Migrations\\Migrator.php(216): Illuminate\\Database\\Migrations\\Migrator->runMigration(Object(Illuminate\\Database\\Migrations\\Migration@anonymous), 'up')
#13 C:\\Users\\Admin\\Documents\\GitHub\\WAH-COOP\\coop-backend\\vendor\\laravel\\framework\\src\\Illuminate\\Console\\View\\Components\\Task.php(36): Illuminate\\Database\\Migrations\\Migrator->Illuminate\\Database\\Migrations\\{closure}()
#14 C:\\Users\\Admin\\Documents\\GitHub\\WAH-COOP\\coop-backend\\vendor\\laravel\\framework\\src\\Illuminate\\Database\\Migrations\\Migrator.php(755): Illuminate\\Console\\View\\Components\\Task->render('2023_03_01_0719...', Object(Closure))
#15 C:\\Users\\Admin\\Documents\\GitHub\\WAH-COOP\\coop-backend\\vendor\\laravel\\framework\\src\\Illuminate\\Database\\Migrations\\Migrator.php(216): Illuminate\\Database\\Migrations\\Migrator->write('Illuminate\\\\Cons...', '2023_03_01_0719...', Object(Closure))
#16 C:\\Users\\Admin\\Documents\\GitHub\\WAH-COOP\\coop-backend\\vendor\\laravel\\framework\\src\\Illuminate\\Database\\Migrations\\Migrator.php(181): Illuminate\\Database\\Migrations\\Migrator->runUp('C:\\\\Users\\\\Admin\\\\...', 2, false)
#17 C:\\Users\\Admin\\Documents\\GitHub\\WAH-COOP\\coop-backend\\vendor\\laravel\\framework\\src\\Illuminate\\Database\\Migrations\\Migrator.php(124): Illuminate\\Database\\Migrations\\Migrator->runPending(Array, Array)
#18 C:\\Users\\Admin\\Documents\\GitHub\\WAH-COOP\\coop-backend\\vendor\\laravel\\framework\\src\\Illuminate\\Database\\Console\\Migrations\\MigrateCommand.php(88): Illuminate\\Database\\Migrations\\Migrator->run(Array, Array)
#19 C:\\Users\\Admin\\Documents\\GitHub\\WAH-COOP\\coop-backend\\vendor\\laravel\\framework\\src\\Illuminate\\Database\\Migrations\\Migrator.php(632): Illuminate\\Database\\Console\\Migrations\\MigrateCommand->Illuminate\\Database\\Console\\Migrations\\{closure}()
#20 C:\\Users\\Admin\\Documents\\GitHub\\WAH-COOP\\coop-backend\\vendor\\laravel\\framework\\src\\Illuminate\\Database\\Console\\Migrations\\MigrateCommand.php(81): Illuminate\\Database\\Migrations\\Migrator->usingConnection(NULL, Object(Closure))
#21 C:\\Users\\Admin\\Documents\\GitHub\\WAH-COOP\\coop-backend\\vendor\\laravel\\framework\\src\\Illuminate\\Container\\BoundMethod.php(36): Illuminate\\Database\\Console\\Migrations\\MigrateCommand->handle()
#22 C:\\Users\\Admin\\Documents\\GitHub\\WAH-COOP\\coop-backend\\vendor\\laravel\\framework\\src\\Illuminate\\Container\\Util.php(41): Illuminate\\Container\\BoundMethod::Illuminate\\Container\\{closure}()
#23 C:\\Users\\Admin\\Documents\\GitHub\\WAH-COOP\\coop-backend\\vendor\\laravel\\framework\\src\\Illuminate\\Container\\BoundMethod.php(93): Illuminate\\Container\\Util::unwrapIfClosure(Object(Closure))
#24 C:\\Users\\Admin\\Documents\\GitHub\\WAH-COOP\\coop-backend\\vendor\\laravel\\framework\\src\\Illuminate\\Container\\BoundMethod.php(35): Illuminate\\Container\\BoundMethod::callBoundMethod(Object(Illuminate\\Foundation\\Application), Array, Object(Closure))
#25 C:\\Users\\Admin\\Documents\\GitHub\\WAH-COOP\\coop-backend\\vendor\\laravel\\framework\\src\\Illuminate\\Container\\Container.php(661): Illuminate\\Container\\BoundMethod::call(Object(Illuminate\\Foundation\\Application), Array, Array, NULL)
#26 C:\\Users\\Admin\\Documents\\GitHub\\WAH-COOP\\coop-backend\\vendor\\laravel\\framework\\src\\Illuminate\\Console\\Command.php(194): Illuminate\\Container\\Container->call(Array)
#27 C:\\Users\\Admin\\Documents\\GitHub\\WAH-COOP\\coop-backend\\vendor\\symfony\\console\\Command\\Command.php(312): Illuminate\\Console\\Command->execute(Object(Symfony\\Component\\Console\\Input\\ArgvInput), Object(Illuminate\\Console\\OutputStyle))
#28 C:\\Users\\Admin\\Documents\\GitHub\\WAH-COOP\\coop-backend\\vendor\\laravel\\framework\\src\\Illuminate\\Console\\Command.php(163): Symfony\\Component\\Console\\Command\\Command->run(Object(Symfony\\Component\\Console\\Input\\ArgvInput), Object(Illuminate\\Console\\OutputStyle))
#29 C:\\Users\\Admin\\Documents\\GitHub\\WAH-COOP\\coop-backend\\vendor\\symfony\\console\\Application.php(1022): Illuminate\\Console\\Command->run(Object(Symfony\\Component\\Console\\Input\\ArgvInput), Object(Symfony\\Component\\Console\\Output\\ConsoleOutput))
#30 C:\\Users\\Admin\\Documents\\GitHub\\WAH-COOP\\coop-backend\\vendor\\symfony\\console\\Application.php(314): Symfony\\Component\\Console\\Application->doRunCommand(Object(Illuminate\\Database\\Console\\Migrations\\MigrateCommand), Object(Symfony\\Component\\Console\\Input\\ArgvInput), Object(Symfony\\Component\\Console\\Output\\ConsoleOutput))
#31 C:\\Users\\Admin\\Documents\\GitHub\\WAH-COOP\\coop-backend\\vendor\\symfony\\console\\Application.php(168): Symfony\\Component\\Console\\Application->doRun(Object(Symfony\\Component\\Console\\Input\\ArgvInput), Object(Symfony\\Component\\Console\\Output\\ConsoleOutput))
#32 C:\\Users\\Admin\\Documents\\GitHub\\WAH-COOP\\coop-backend\\vendor\\laravel\\framework\\src\\Illuminate\\Console\\Application.php(102): Symfony\\Component\\Console\\Application->run(Object(Symfony\\Component\\Console\\Input\\ArgvInput), Object(Symfony\\Component\\Console\\Output\\ConsoleOutput))
#33 C:\\Users\\Admin\\Documents\\GitHub\\WAH-COOP\\coop-backend\\vendor\\laravel\\framework\\src\\Illuminate\\Foundation\\Console\\Kernel.php(155): Illuminate\\Console\\Application->run(Object(Symfony\\Component\\Console\\Input\\ArgvInput), Object(Symfony\\Component\\Console\\Output\\ConsoleOutput))
#34 C:\\Users\\Admin\\Documents\\GitHub\\WAH-COOP\\coop-backend\\artisan(35): Illuminate\\Foundation\\Console\\Kernel->handle(Object(Symfony\\Component\\Console\\Input\\ArgvInput), Object(Symfony\\Component\\Console\\Output\\ConsoleOutput))
#35 {main}
"} 
[2023-03-02 01:07:17] local.ERROR: SQLSTATE[42S01]: Base table or view already exists: 1050 Table 'lib_milestones' already exists (Connection: mysql, SQL: create table `lib_milestones` (`id` bigint unsigned not null auto_increment primary key, `journal_number` int not null, `journal_name` varchar(255) not null, `journal_type` varchar(255) not null) default character set utf8mb4 collate 'utf8mb4_unicode_ci') {"exception":"[object] (Illuminate\\Database\\QueryException(code: 42S01): SQLSTATE[42S01]: Base table or view already exists: 1050 Table 'lib_milestones' already exists (Connection: mysql, SQL: create table `lib_milestones` (`id` bigint unsigned not null auto_increment primary key, `journal_number` int not null, `journal_name` varchar(255) not null, `journal_type` varchar(255) not null) default character set utf8mb4 collate 'utf8mb4_unicode_ci') at C:\\Users\\Admin\\Documents\\GitHub\\WAH-COOP\\coop-backend\\vendor\\laravel\\framework\\src\\Illuminate\\Database\\Connection.php:760)
[stacktrace]
#0 C:\\Users\\Admin\\Documents\\GitHub\\WAH-COOP\\coop-backend\\vendor\\laravel\\framework\\src\\Illuminate\\Database\\Connection.php(720): Illuminate\\Database\\Connection->runQueryCallback('create table `l...', Array, Object(Closure))
#1 C:\\Users\\Admin\\Documents\\GitHub\\WAH-COOP\\coop-backend\\vendor\\laravel\\framework\\src\\Illuminate\\Database\\Connection.php(534): Illuminate\\Database\\Connection->run('create table `l...', Array, Object(Closure))
#2 C:\\Users\\Admin\\Documents\\GitHub\\WAH-COOP\\coop-backend\\vendor\\laravel\\framework\\src\\Illuminate\\Database\\Schema\\Blueprint.php(109): Illuminate\\Database\\Connection->statement('create table `l...')
#3 C:\\Users\\Admin\\Documents\\GitHub\\WAH-COOP\\coop-backend\\vendor\\laravel\\framework\\src\\Illuminate\\Database\\Schema\\Builder.php(439): Illuminate\\Database\\Schema\\Blueprint->build(Object(Illuminate\\Database\\MySqlConnection), Object(Illuminate\\Database\\Schema\\Grammars\\MySqlGrammar))
#4 C:\\Users\\Admin\\Documents\\GitHub\\WAH-COOP\\coop-backend\\vendor\\laravel\\framework\\src\\Illuminate\\Database\\Schema\\Builder.php(281): Illuminate\\Database\\Schema\\Builder->build(Object(Illuminate\\Database\\Schema\\Blueprint))
#5 C:\\Users\\Admin\\Documents\\GitHub\\WAH-COOP\\coop-backend\\vendor\\laravel\\framework\\src\\Illuminate\\Support\\Facades\\Facade.php(353): Illuminate\\Database\\Schema\\Builder->create('lib_milestones', Object(Closure))
#6 C:\\Users\\Admin\\Documents\\GitHub\\WAH-COOP\\coop-backend\\database\\migrations\\2023_03_01_071208_lib_journal.php(14): Illuminate\\Support\\Facades\\Facade::__callStatic('create', Array)
#7 C:\\Users\\Admin\\Documents\\GitHub\\WAH-COOP\\coop-backend\\vendor\\laravel\\framework\\src\\Illuminate\\Database\\Migrations\\Migrator.php(492): Illuminate\\Database\\Migrations\\Migration@anonymous->up()
#8 C:\\Users\\Admin\\Documents\\GitHub\\WAH-COOP\\coop-backend\\vendor\\laravel\\framework\\src\\Illuminate\\Database\\Migrations\\Migrator.php(410): Illuminate\\Database\\Migrations\\Migrator->runMethod(Object(Illuminate\\Database\\MySqlConnection), Object(Illuminate\\Database\\Migrations\\Migration@anonymous), 'up')
#9 C:\\Users\\Admin\\Documents\\GitHub\\WAH-COOP\\coop-backend\\vendor\\laravel\\framework\\src\\Illuminate\\Database\\Migrations\\Migrator.php(419): Illuminate\\Database\\Migrations\\Migrator->Illuminate\\Database\\Migrations\\{closure}()
#10 C:\\Users\\Admin\\Documents\\GitHub\\WAH-COOP\\coop-backend\\vendor\\laravel\\framework\\src\\Illuminate\\Database\\Migrations\\Migrator.php(216): Illuminate\\Database\\Migrations\\Migrator->runMigration(Object(Illuminate\\Database\\Migrations\\Migration@anonymous), 'up')
#11 C:\\Users\\Admin\\Documents\\GitHub\\WAH-COOP\\coop-backend\\vendor\\laravel\\framework\\src\\Illuminate\\Console\\View\\Components\\Task.php(36): Illuminate\\Database\\Migrations\\Migrator->Illuminate\\Database\\Migrations\\{closure}()
#12 C:\\Users\\Admin\\Documents\\GitHub\\WAH-COOP\\coop-backend\\vendor\\laravel\\framework\\src\\Illuminate\\Database\\Migrations\\Migrator.php(755): Illuminate\\Console\\View\\Components\\Task->render('2023_03_01_0712...', Object(Closure))
#13 C:\\Users\\Admin\\Documents\\GitHub\\WAH-COOP\\coop-backend\\vendor\\laravel\\framework\\src\\Illuminate\\Database\\Migrations\\Migrator.php(216): Illuminate\\Database\\Migrations\\Migrator->write('Illuminate\\\\Cons...', '2023_03_01_0712...', Object(Closure))
#14 C:\\Users\\Admin\\Documents\\GitHub\\WAH-COOP\\coop-backend\\vendor\\laravel\\framework\\src\\Illuminate\\Database\\Migrations\\Migrator.php(181): Illuminate\\Database\\Migrations\\Migrator->runUp('C:\\\\Users\\\\Admin\\\\...', 2, false)
#15 C:\\Users\\Admin\\Documents\\GitHub\\WAH-COOP\\coop-backend\\vendor\\laravel\\framework\\src\\Illuminate\\Database\\Migrations\\Migrator.php(124): Illuminate\\Database\\Migrations\\Migrator->runPending(Array, Array)
#16 C:\\Users\\Admin\\Documents\\GitHub\\WAH-COOP\\coop-backend\\vendor\\laravel\\framework\\src\\Illuminate\\Database\\Console\\Migrations\\MigrateCommand.php(88): Illuminate\\Database\\Migrations\\Migrator->run(Array, Array)
#17 C:\\Users\\Admin\\Documents\\GitHub\\WAH-COOP\\coop-backend\\vendor\\laravel\\framework\\src\\Illuminate\\Database\\Migrations\\Migrator.php(632): Illuminate\\Database\\Console\\Migrations\\MigrateCommand->Illuminate\\Database\\Console\\Migrations\\{closure}()
#18 C:\\Users\\Admin\\Documents\\GitHub\\WAH-COOP\\coop-backend\\vendor\\laravel\\framework\\src\\Illuminate\\Database\\Console\\Migrations\\MigrateCommand.php(81): Illuminate\\Database\\Migrations\\Migrator->usingConnection(NULL, Object(Closure))
#19 C:\\Users\\Admin\\Documents\\GitHub\\WAH-COOP\\coop-backend\\vendor\\laravel\\framework\\src\\Illuminate\\Container\\BoundMethod.php(36): Illuminate\\Database\\Console\\Migrations\\MigrateCommand->handle()
#20 C:\\Users\\Admin\\Documents\\GitHub\\WAH-COOP\\coop-backend\\vendor\\laravel\\framework\\src\\Illuminate\\Container\\Util.php(41): Illuminate\\Container\\BoundMethod::Illuminate\\Container\\{closure}()
#21 C:\\Users\\Admin\\Documents\\GitHub\\WAH-COOP\\coop-backend\\vendor\\laravel\\framework\\src\\Illuminate\\Container\\BoundMethod.php(93): Illuminate\\Container\\Util::unwrapIfClosure(Object(Closure))
#22 C:\\Users\\Admin\\Documents\\GitHub\\WAH-COOP\\coop-backend\\vendor\\laravel\\framework\\src\\Illuminate\\Container\\BoundMethod.php(35): Illuminate\\Container\\BoundMethod::callBoundMethod(Object(Illuminate\\Foundation\\Application), Array, Object(Closure))
#23 C:\\Users\\Admin\\Documents\\GitHub\\WAH-COOP\\coop-backend\\vendor\\laravel\\framework\\src\\Illuminate\\Container\\Container.php(661): Illuminate\\Container\\BoundMethod::call(Object(Illuminate\\Foundation\\Application), Array, Array, NULL)
#24 C:\\Users\\Admin\\Documents\\GitHub\\WAH-COOP\\coop-backend\\vendor\\laravel\\framework\\src\\Illuminate\\Console\\Command.php(194): Illuminate\\Container\\Container->call(Array)
#25 C:\\Users\\Admin\\Documents\\GitHub\\WAH-COOP\\coop-backend\\vendor\\symfony\\console\\Command\\Command.php(312): Illuminate\\Console\\Command->execute(Object(Symfony\\Component\\Console\\Input\\ArgvInput), Object(Illuminate\\Console\\OutputStyle))
#26 C:\\Users\\Admin\\Documents\\GitHub\\WAH-COOP\\coop-backend\\vendor\\laravel\\framework\\src\\Illuminate\\Console\\Command.php(163): Symfony\\Component\\Console\\Command\\Command->run(Object(Symfony\\Component\\Console\\Input\\ArgvInput), Object(Illuminate\\Console\\OutputStyle))
#27 C:\\Users\\Admin\\Documents\\GitHub\\WAH-COOP\\coop-backend\\vendor\\symfony\\console\\Application.php(1022): Illuminate\\Console\\Command->run(Object(Symfony\\Component\\Console\\Input\\ArgvInput), Object(Symfony\\Component\\Console\\Output\\ConsoleOutput))
#28 C:\\Users\\Admin\\Documents\\GitHub\\WAH-COOP\\coop-backend\\vendor\\symfony\\console\\Application.php(314): Symfony\\Component\\Console\\Application->doRunCommand(Object(Illuminate\\Database\\Console\\Migrations\\MigrateCommand), Object(Symfony\\Component\\Console\\Input\\ArgvInput), Object(Symfony\\Component\\Console\\Output\\ConsoleOutput))
#29 C:\\Users\\Admin\\Documents\\GitHub\\WAH-COOP\\coop-backend\\vendor\\symfony\\console\\Application.php(168): Symfony\\Component\\Console\\Application->doRun(Object(Symfony\\Component\\Console\\Input\\ArgvInput), Object(Symfony\\Component\\Console\\Output\\ConsoleOutput))
#30 C:\\Users\\Admin\\Documents\\GitHub\\WAH-COOP\\coop-backend\\vendor\\laravel\\framework\\src\\Illuminate\\Console\\Application.php(102): Symfony\\Component\\Console\\Application->run(Object(Symfony\\Component\\Console\\Input\\ArgvInput), Object(Symfony\\Component\\Console\\Output\\ConsoleOutput))
#31 C:\\Users\\Admin\\Documents\\GitHub\\WAH-COOP\\coop-backend\\vendor\\laravel\\framework\\src\\Illuminate\\Foundation\\Console\\Kernel.php(155): Illuminate\\Console\\Application->run(Object(Symfony\\Component\\Console\\Input\\ArgvInput), Object(Symfony\\Component\\Console\\Output\\ConsoleOutput))
#32 C:\\Users\\Admin\\Documents\\GitHub\\WAH-COOP\\coop-backend\\artisan(35): Illuminate\\Foundation\\Console\\Kernel->handle(Object(Symfony\\Component\\Console\\Input\\ArgvInput), Object(Symfony\\Component\\Console\\Output\\ConsoleOutput))
#33 {main}

[previous exception] [object] (PDOException(code: 42S01): SQLSTATE[42S01]: Base table or view already exists: 1050 Table 'lib_milestones' already exists at C:\\Users\\Admin\\Documents\\GitHub\\WAH-COOP\\coop-backend\\vendor\\laravel\\framework\\src\\Illuminate\\Database\\Connection.php:545)
[stacktrace]
#0 C:\\Users\\Admin\\Documents\\GitHub\\WAH-COOP\\coop-backend\\vendor\\laravel\\framework\\src\\Illuminate\\Database\\Connection.php(545): PDOStatement->execute()
#1 C:\\Users\\Admin\\Documents\\GitHub\\WAH-COOP\\coop-backend\\vendor\\laravel\\framework\\src\\Illuminate\\Database\\Connection.php(753): Illuminate\\Database\\Connection->Illuminate\\Database\\{closure}('create table `l...', Array)
#2 C:\\Users\\Admin\\Documents\\GitHub\\WAH-COOP\\coop-backend\\vendor\\laravel\\framework\\src\\Illuminate\\Database\\Connection.php(720): Illuminate\\Database\\Connection->runQueryCallback('create table `l...', Array, Object(Closure))
#3 C:\\Users\\Admin\\Documents\\GitHub\\WAH-COOP\\coop-backend\\vendor\\laravel\\framework\\src\\Illuminate\\Database\\Connection.php(534): Illuminate\\Database\\Connection->run('create table `l...', Array, Object(Closure))
#4 C:\\Users\\Admin\\Documents\\GitHub\\WAH-COOP\\coop-backend\\vendor\\laravel\\framework\\src\\Illuminate\\Database\\Schema\\Blueprint.php(109): Illuminate\\Database\\Connection->statement('create table `l...')
#5 C:\\Users\\Admin\\Documents\\GitHub\\WAH-COOP\\coop-backend\\vendor\\laravel\\framework\\src\\Illuminate\\Database\\Schema\\Builder.php(439): Illuminate\\Database\\Schema\\Blueprint->build(Object(Illuminate\\Database\\MySqlConnection), Object(Illuminate\\Database\\Schema\\Grammars\\MySqlGrammar))
#6 C:\\Users\\Admin\\Documents\\GitHub\\WAH-COOP\\coop-backend\\vendor\\laravel\\framework\\src\\Illuminate\\Database\\Schema\\Builder.php(281): Illuminate\\Database\\Schema\\Builder->build(Object(Illuminate\\Database\\Schema\\Blueprint))
#7 C:\\Users\\Admin\\Documents\\GitHub\\WAH-COOP\\coop-backend\\vendor\\laravel\\framework\\src\\Illuminate\\Support\\Facades\\Facade.php(353): Illuminate\\Database\\Schema\\Builder->create('lib_milestones', Object(Closure))
#8 C:\\Users\\Admin\\Documents\\GitHub\\WAH-COOP\\coop-backend\\database\\migrations\\2023_03_01_071208_lib_journal.php(14): Illuminate\\Support\\Facades\\Facade::__callStatic('create', Array)
#9 C:\\Users\\Admin\\Documents\\GitHub\\WAH-COOP\\coop-backend\\vendor\\laravel\\framework\\src\\Illuminate\\Database\\Migrations\\Migrator.php(492): Illuminate\\Database\\Migrations\\Migration@anonymous->up()
#10 C:\\Users\\Admin\\Documents\\GitHub\\WAH-COOP\\coop-backend\\vendor\\laravel\\framework\\src\\Illuminate\\Database\\Migrations\\Migrator.php(410): Illuminate\\Database\\Migrations\\Migrator->runMethod(Object(Illuminate\\Database\\MySqlConnection), Object(Illuminate\\Database\\Migrations\\Migration@anonymous), 'up')
#11 C:\\Users\\Admin\\Documents\\GitHub\\WAH-COOP\\coop-backend\\vendor\\laravel\\framework\\src\\Illuminate\\Database\\Migrations\\Migrator.php(419): Illuminate\\Database\\Migrations\\Migrator->Illuminate\\Database\\Migrations\\{closure}()
#12 C:\\Users\\Admin\\Documents\\GitHub\\WAH-COOP\\coop-backend\\vendor\\laravel\\framework\\src\\Illuminate\\Database\\Migrations\\Migrator.php(216): Illuminate\\Database\\Migrations\\Migrator->runMigration(Object(Illuminate\\Database\\Migrations\\Migration@anonymous), 'up')
#13 C:\\Users\\Admin\\Documents\\GitHub\\WAH-COOP\\coop-backend\\vendor\\laravel\\framework\\src\\Illuminate\\Console\\View\\Components\\Task.php(36): Illuminate\\Database\\Migrations\\Migrator->Illuminate\\Database\\Migrations\\{closure}()
#14 C:\\Users\\Admin\\Documents\\GitHub\\WAH-COOP\\coop-backend\\vendor\\laravel\\framework\\src\\Illuminate\\Database\\Migrations\\Migrator.php(755): Illuminate\\Console\\View\\Components\\Task->render('2023_03_01_0712...', Object(Closure))
#15 C:\\Users\\Admin\\Documents\\GitHub\\WAH-COOP\\coop-backend\\vendor\\laravel\\framework\\src\\Illuminate\\Database\\Migrations\\Migrator.php(216): Illuminate\\Database\\Migrations\\Migrator->write('Illuminate\\\\Cons...', '2023_03_01_0712...', Object(Closure))
#16 C:\\Users\\Admin\\Documents\\GitHub\\WAH-COOP\\coop-backend\\vendor\\laravel\\framework\\src\\Illuminate\\Database\\Migrations\\Migrator.php(181): Illuminate\\Database\\Migrations\\Migrator->runUp('C:\\\\Users\\\\Admin\\\\...', 2, false)
#17 C:\\Users\\Admin\\Documents\\GitHub\\WAH-COOP\\coop-backend\\vendor\\laravel\\framework\\src\\Illuminate\\Database\\Migrations\\Migrator.php(124): Illuminate\\Database\\Migrations\\Migrator->runPending(Array, Array)
#18 C:\\Users\\Admin\\Documents\\GitHub\\WAH-COOP\\coop-backend\\vendor\\laravel\\framework\\src\\Illuminate\\Database\\Console\\Migrations\\MigrateCommand.php(88): Illuminate\\Database\\Migrations\\Migrator->run(Array, Array)
#19 C:\\Users\\Admin\\Documents\\GitHub\\WAH-COOP\\coop-backend\\vendor\\laravel\\framework\\src\\Illuminate\\Database\\Migrations\\Migrator.php(632): Illuminate\\Database\\Console\\Migrations\\MigrateCommand->Illuminate\\Database\\Console\\Migrations\\{closure}()
#20 C:\\Users\\Admin\\Documents\\GitHub\\WAH-COOP\\coop-backend\\vendor\\laravel\\framework\\src\\Illuminate\\Database\\Console\\Migrations\\MigrateCommand.php(81): Illuminate\\Database\\Migrations\\Migrator->usingConnection(NULL, Object(Closure))
#21 C:\\Users\\Admin\\Documents\\GitHub\\WAH-COOP\\coop-backend\\vendor\\laravel\\framework\\src\\Illuminate\\Container\\BoundMethod.php(36): Illuminate\\Database\\Console\\Migrations\\MigrateCommand->handle()
#22 C:\\Users\\Admin\\Documents\\GitHub\\WAH-COOP\\coop-backend\\vendor\\laravel\\framework\\src\\Illuminate\\Container\\Util.php(41): Illuminate\\Container\\BoundMethod::Illuminate\\Container\\{closure}()
#23 C:\\Users\\Admin\\Documents\\GitHub\\WAH-COOP\\coop-backend\\vendor\\laravel\\framework\\src\\Illuminate\\Container\\BoundMethod.php(93): Illuminate\\Container\\Util::unwrapIfClosure(Object(Closure))
#24 C:\\Users\\Admin\\Documents\\GitHub\\WAH-COOP\\coop-backend\\vendor\\laravel\\framework\\src\\Illuminate\\Container\\BoundMethod.php(35): Illuminate\\Container\\BoundMethod::callBoundMethod(Object(Illuminate\\Foundation\\Application), Array, Object(Closure))
#25 C:\\Users\\Admin\\Documents\\GitHub\\WAH-COOP\\coop-backend\\vendor\\laravel\\framework\\src\\Illuminate\\Container\\Container.php(661): Illuminate\\Container\\BoundMethod::call(Object(Illuminate\\Foundation\\Application), Array, Array, NULL)
#26 C:\\Users\\Admin\\Documents\\GitHub\\WAH-COOP\\coop-backend\\vendor\\laravel\\framework\\src\\Illuminate\\Console\\Command.php(194): Illuminate\\Container\\Container->call(Array)
#27 C:\\Users\\Admin\\Documents\\GitHub\\WAH-COOP\\coop-backend\\vendor\\symfony\\console\\Command\\Command.php(312): Illuminate\\Console\\Command->execute(Object(Symfony\\Component\\Console\\Input\\ArgvInput), Object(Illuminate\\Console\\OutputStyle))
#28 C:\\Users\\Admin\\Documents\\GitHub\\WAH-COOP\\coop-backend\\vendor\\laravel\\framework\\src\\Illuminate\\Console\\Command.php(163): Symfony\\Component\\Console\\Command\\Command->run(Object(Symfony\\Component\\Console\\Input\\ArgvInput), Object(Illuminate\\Console\\OutputStyle))
#29 C:\\Users\\Admin\\Documents\\GitHub\\WAH-COOP\\coop-backend\\vendor\\symfony\\console\\Application.php(1022): Illuminate\\Console\\Command->run(Object(Symfony\\Component\\Console\\Input\\ArgvInput), Object(Symfony\\Component\\Console\\Output\\ConsoleOutput))
#30 C:\\Users\\Admin\\Documents\\GitHub\\WAH-COOP\\coop-backend\\vendor\\symfony\\console\\Application.php(314): Symfony\\Component\\Console\\Application->doRunCommand(Object(Illuminate\\Database\\Console\\Migrations\\MigrateCommand), Object(Symfony\\Component\\Console\\Input\\ArgvInput), Object(Symfony\\Component\\Console\\Output\\ConsoleOutput))
#31 C:\\Users\\Admin\\Documents\\GitHub\\WAH-COOP\\coop-backend\\vendor\\symfony\\console\\Application.php(168): Symfony\\Component\\Console\\Application->doRun(Object(Symfony\\Component\\Console\\Input\\ArgvInput), Object(Symfony\\Component\\Console\\Output\\ConsoleOutput))
#32 C:\\Users\\Admin\\Documents\\GitHub\\WAH-COOP\\coop-backend\\vendor\\laravel\\framework\\src\\Illuminate\\Console\\Application.php(102): Symfony\\Component\\Console\\Application->run(Object(Symfony\\Component\\Console\\Input\\ArgvInput), Object(Symfony\\Component\\Console\\Output\\ConsoleOutput))
#33 C:\\Users\\Admin\\Documents\\GitHub\\WAH-COOP\\coop-backend\\vendor\\laravel\\framework\\src\\Illuminate\\Foundation\\Console\\Kernel.php(155): Illuminate\\Console\\Application->run(Object(Symfony\\Component\\Console\\Input\\ArgvInput), Object(Symfony\\Component\\Console\\Output\\ConsoleOutput))
#34 C:\\Users\\Admin\\Documents\\GitHub\\WAH-COOP\\coop-backend\\artisan(35): Illuminate\\Foundation\\Console\\Kernel->handle(Object(Symfony\\Component\\Console\\Input\\ArgvInput), Object(Symfony\\Component\\Console\\Output\\ConsoleOutput))
#35 {main}
"} 
[2023-03-02 01:07:28] local.ERROR: Method Illuminate\Database\Schema\Blueprint::varchar does not exist. {"exception":"[object] (BadMethodCallException(code: 0): Method Illuminate\\Database\\Schema\\Blueprint::varchar does not exist. at C:\\Users\\Admin\\Documents\\GitHub\\WAH-COOP\\coop-backend\\vendor\\laravel\\framework\\src\\Illuminate\\Macroable\\Traits\\Macroable.php:113)
[stacktrace]
#0 C:\\Users\\Admin\\Documents\\GitHub\\WAH-COOP\\coop-backend\\database\\migrations\\2023_03_02_005853_lib_milestone.php(16): Illuminate\\Database\\Schema\\Blueprint->__call('varchar', Array)
#1 C:\\Users\\Admin\\Documents\\GitHub\\WAH-COOP\\coop-backend\\vendor\\laravel\\framework\\src\\Illuminate\\Database\\Schema\\Builder.php(284): Illuminate\\Database\\Migrations\\Migration@anonymous->{closure}(Object(Illuminate\\Database\\Schema\\Blueprint))
#2 C:\\Users\\Admin\\Documents\\GitHub\\WAH-COOP\\coop-backend\\vendor\\laravel\\framework\\src\\Illuminate\\Support\\helpers.php(306): Illuminate\\Database\\Schema\\Builder->Illuminate\\Database\\Schema\\{closure}(Object(Illuminate\\Database\\Schema\\Blueprint))
#3 C:\\Users\\Admin\\Documents\\GitHub\\WAH-COOP\\coop-backend\\vendor\\laravel\\framework\\src\\Illuminate\\Database\\Schema\\Builder.php(281): tap(Object(Illuminate\\Database\\Schema\\Blueprint), Object(Closure))
#4 C:\\Users\\Admin\\Documents\\GitHub\\WAH-COOP\\coop-backend\\vendor\\laravel\\framework\\src\\Illuminate\\Support\\Facades\\Facade.php(353): Illuminate\\Database\\Schema\\Builder->create('lib_milestone', Object(Closure))
#5 C:\\Users\\Admin\\Documents\\GitHub\\WAH-COOP\\coop-backend\\database\\migrations\\2023_03_02_005853_lib_milestone.php(14): Illuminate\\Support\\Facades\\Facade::__callStatic('create', Array)
#6 C:\\Users\\Admin\\Documents\\GitHub\\WAH-COOP\\coop-backend\\vendor\\laravel\\framework\\src\\Illuminate\\Database\\Migrations\\Migrator.php(492): Illuminate\\Database\\Migrations\\Migration@anonymous->up()
#7 C:\\Users\\Admin\\Documents\\GitHub\\WAH-COOP\\coop-backend\\vendor\\laravel\\framework\\src\\Illuminate\\Database\\Migrations\\Migrator.php(410): Illuminate\\Database\\Migrations\\Migrator->runMethod(Object(Illuminate\\Database\\MySqlConnection), Object(Illuminate\\Database\\Migrations\\Migration@anonymous), 'up')
#8 C:\\Users\\Admin\\Documents\\GitHub\\WAH-COOP\\coop-backend\\vendor\\laravel\\framework\\src\\Illuminate\\Database\\Migrations\\Migrator.php(419): Illuminate\\Database\\Migrations\\Migrator->Illuminate\\Database\\Migrations\\{closure}()
#9 C:\\Users\\Admin\\Documents\\GitHub\\WAH-COOP\\coop-backend\\vendor\\laravel\\framework\\src\\Illuminate\\Database\\Migrations\\Migrator.php(216): Illuminate\\Database\\Migrations\\Migrator->runMigration(Object(Illuminate\\Database\\Migrations\\Migration@anonymous), 'up')
#10 C:\\Users\\Admin\\Documents\\GitHub\\WAH-COOP\\coop-backend\\vendor\\laravel\\framework\\src\\Illuminate\\Console\\View\\Components\\Task.php(36): Illuminate\\Database\\Migrations\\Migrator->Illuminate\\Database\\Migrations\\{closure}()
#11 C:\\Users\\Admin\\Documents\\GitHub\\WAH-COOP\\coop-backend\\vendor\\laravel\\framework\\src\\Illuminate\\Database\\Migrations\\Migrator.php(755): Illuminate\\Console\\View\\Components\\Task->render('2023_03_02_0058...', Object(Closure))
#12 C:\\Users\\Admin\\Documents\\GitHub\\WAH-COOP\\coop-backend\\vendor\\laravel\\framework\\src\\Illuminate\\Database\\Migrations\\Migrator.php(216): Illuminate\\Database\\Migrations\\Migrator->write('Illuminate\\\\Cons...', '2023_03_02_0058...', Object(Closure))
#13 C:\\Users\\Admin\\Documents\\GitHub\\WAH-COOP\\coop-backend\\vendor\\laravel\\framework\\src\\Illuminate\\Database\\Migrations\\Migrator.php(181): Illuminate\\Database\\Migrations\\Migrator->runUp('C:\\\\Users\\\\Admin\\\\...', 2, false)
#14 C:\\Users\\Admin\\Documents\\GitHub\\WAH-COOP\\coop-backend\\vendor\\laravel\\framework\\src\\Illuminate\\Database\\Migrations\\Migrator.php(124): Illuminate\\Database\\Migrations\\Migrator->runPending(Array, Array)
#15 C:\\Users\\Admin\\Documents\\GitHub\\WAH-COOP\\coop-backend\\vendor\\laravel\\framework\\src\\Illuminate\\Database\\Console\\Migrations\\MigrateCommand.php(88): Illuminate\\Database\\Migrations\\Migrator->run(Array, Array)
#16 C:\\Users\\Admin\\Documents\\GitHub\\WAH-COOP\\coop-backend\\vendor\\laravel\\framework\\src\\Illuminate\\Database\\Migrations\\Migrator.php(632): Illuminate\\Database\\Console\\Migrations\\MigrateCommand->Illuminate\\Database\\Console\\Migrations\\{closure}()
#17 C:\\Users\\Admin\\Documents\\GitHub\\WAH-COOP\\coop-backend\\vendor\\laravel\\framework\\src\\Illuminate\\Database\\Console\\Migrations\\MigrateCommand.php(81): Illuminate\\Database\\Migrations\\Migrator->usingConnection(NULL, Object(Closure))
#18 C:\\Users\\Admin\\Documents\\GitHub\\WAH-COOP\\coop-backend\\vendor\\laravel\\framework\\src\\Illuminate\\Container\\BoundMethod.php(36): Illuminate\\Database\\Console\\Migrations\\MigrateCommand->handle()
#19 C:\\Users\\Admin\\Documents\\GitHub\\WAH-COOP\\coop-backend\\vendor\\laravel\\framework\\src\\Illuminate\\Container\\Util.php(41): Illuminate\\Container\\BoundMethod::Illuminate\\Container\\{closure}()
#20 C:\\Users\\Admin\\Documents\\GitHub\\WAH-COOP\\coop-backend\\vendor\\laravel\\framework\\src\\Illuminate\\Container\\BoundMethod.php(93): Illuminate\\Container\\Util::unwrapIfClosure(Object(Closure))
#21 C:\\Users\\Admin\\Documents\\GitHub\\WAH-COOP\\coop-backend\\vendor\\laravel\\framework\\src\\Illuminate\\Container\\BoundMethod.php(35): Illuminate\\Container\\BoundMethod::callBoundMethod(Object(Illuminate\\Foundation\\Application), Array, Object(Closure))
#22 C:\\Users\\Admin\\Documents\\GitHub\\WAH-COOP\\coop-backend\\vendor\\laravel\\framework\\src\\Illuminate\\Container\\Container.php(661): Illuminate\\Container\\BoundMethod::call(Object(Illuminate\\Foundation\\Application), Array, Array, NULL)
#23 C:\\Users\\Admin\\Documents\\GitHub\\WAH-COOP\\coop-backend\\vendor\\laravel\\framework\\src\\Illuminate\\Console\\Command.php(194): Illuminate\\Container\\Container->call(Array)
#24 C:\\Users\\Admin\\Documents\\GitHub\\WAH-COOP\\coop-backend\\vendor\\symfony\\console\\Command\\Command.php(312): Illuminate\\Console\\Command->execute(Object(Symfony\\Component\\Console\\Input\\ArgvInput), Object(Illuminate\\Console\\OutputStyle))
#25 C:\\Users\\Admin\\Documents\\GitHub\\WAH-COOP\\coop-backend\\vendor\\laravel\\framework\\src\\Illuminate\\Console\\Command.php(163): Symfony\\Component\\Console\\Command\\Command->run(Object(Symfony\\Component\\Console\\Input\\ArgvInput), Object(Illuminate\\Console\\OutputStyle))
#26 C:\\Users\\Admin\\Documents\\GitHub\\WAH-COOP\\coop-backend\\vendor\\symfony\\console\\Application.php(1022): Illuminate\\Console\\Command->run(Object(Symfony\\Component\\Console\\Input\\ArgvInput), Object(Symfony\\Component\\Console\\Output\\ConsoleOutput))
#27 C:\\Users\\Admin\\Documents\\GitHub\\WAH-COOP\\coop-backend\\vendor\\symfony\\console\\Application.php(314): Symfony\\Component\\Console\\Application->doRunCommand(Object(Illuminate\\Database\\Console\\Migrations\\MigrateCommand), Object(Symfony\\Component\\Console\\Input\\ArgvInput), Object(Symfony\\Component\\Console\\Output\\ConsoleOutput))
#28 C:\\Users\\Admin\\Documents\\GitHub\\WAH-COOP\\coop-backend\\vendor\\symfony\\console\\Application.php(168): Symfony\\Component\\Console\\Application->doRun(Object(Symfony\\Component\\Console\\Input\\ArgvInput), Object(Symfony\\Component\\Console\\Output\\ConsoleOutput))
#29 C:\\Users\\Admin\\Documents\\GitHub\\WAH-COOP\\coop-backend\\vendor\\laravel\\framework\\src\\Illuminate\\Console\\Application.php(102): Symfony\\Component\\Console\\Application->run(Object(Symfony\\Component\\Console\\Input\\ArgvInput), Object(Symfony\\Component\\Console\\Output\\ConsoleOutput))
#30 C:\\Users\\Admin\\Documents\\GitHub\\WAH-COOP\\coop-backend\\vendor\\laravel\\framework\\src\\Illuminate\\Foundation\\Console\\Kernel.php(155): Illuminate\\Console\\Application->run(Object(Symfony\\Component\\Console\\Input\\ArgvInput), Object(Symfony\\Component\\Console\\Output\\ConsoleOutput))
#31 C:\\Users\\Admin\\Documents\\GitHub\\WAH-COOP\\coop-backend\\artisan(35): Illuminate\\Foundation\\Console\\Kernel->handle(Object(Symfony\\Component\\Console\\Input\\ArgvInput), Object(Symfony\\Component\\Console\\Output\\ConsoleOutput))
#32 {main}
"} 
